Start testing: Oct 15 19:13 Фінляндія (літо)
----------------------------------------------------------
1/2 Testing: MathOperationsTest.Add
1/2 Test: MathOperationsTest.Add
Command: "C:/Users/Admin/source/repos/Project2/Project1/Project1/build/Debug/unit_tests.exe" "--gtest_filter=MathOperationsTest.Add" "--gtest_also_run_disabled_tests"
Directory: C:/Users/Admin/source/repos/Project2/Project1/Project1/build
"MathOperationsTest.Add" start time: Oct 15 19:13 Фінляндія (літо)
Output:
----------------------------------------------------------
Running main() from C:\Users\Admin\source\repos\Project2\Project1\Project1\build\_deps\googletest-src\googletest\src\gtest_main.cc
Note: Google Test filter = MathOperationsTest.Add
[==========] Running 1 test from 1 test suite.
[----------] Global test environment set-up.
[----------] 1 test from MathOperationsTest
[ RUN      ] MathOperationsTest.Add
[       OK ] MathOperationsTest.Add (0 ms)
[----------] 1 test from MathOperationsTest (0 ms total)

[----------] Global test environment tear-down
[==========] 1 test from 1 test suite ran. (0 ms total)
[  PASSED  ] 1 test.
<end of output>
Test time =   0.01 sec
----------------------------------------------------------
Test Passed.
"MathOperationsTest.Add" end time: Oct 15 19:13 Фінляндія (літо)
"MathOperationsTest.Add" time elapsed: 00:00:00
----------------------------------------------------------

2/2 Testing: UnitTests
2/2 Test: UnitTests
Command: "C:/Users/Admin/source/repos/Project2/Project1/Project1/build/Debug/unit_tests.exe"
Directory: C:/Users/Admin/source/repos/Project2/Project1/Project1/build
"UnitTests" start time: Oct 15 19:13 Фінляндія (літо)
Output:
----------------------------------------------------------
Running main() from C:\Users\Admin\source\repos\Project2\Project1\Project1\build\_deps\googletest-src\googletest\src\gtest_main.cc
[==========] Running 1 test from 1 test suite.
[----------] Global test environment set-up.
[----------] 1 test from MathOperationsTest
[ RUN      ] MathOperationsTest.Add
[       OK ] MathOperationsTest.Add (0 ms)
[----------] 1 test from MathOperationsTest (0 ms total)

[----------] Global test environment tear-down
[==========] 1 test from 1 test suite ran. (0 ms total)
[  PASSED  ] 1 test.
<end of output>
Test time =   0.01 sec
----------------------------------------------------------
Test Passed.
"UnitTests" end time: Oct 15 19:13 Фінляндія (літо)
"UnitTests" time elapsed: 00:00:00
----------------------------------------------------------

End testing: Oct 15 19:13 Фінляндія (літо)
